[0.138s] DEBUG:colcon:Command line arguments: ['/usr/bin/colcon', 'build', '--symlink-install']
[0.138s] DEBUG:colcon:Parsed command line arguments: Namespace(log_base=None, log_level=None, verb_name='build', build_base='build', install_base='install', merge_install=False, symlink_install=True, test_result_base=None, continue_on_error=False, executor='parallel', parallel_workers=4, event_handlers=None, ignore_user_meta=False, metas=['./colcon.meta'], base_paths=['.'], packages_ignore=None, packages_ignore_regex=None, paths=None, packages_up_to=None, packages_up_to_regex=None, packages_above=None, packages_above_and_dependencies=None, packages_above_depth=None, packages_select_by_dep=None, packages_skip_by_dep=None, packages_skip_up_to=None, packages_select_build_failed=False, packages_skip_build_finished=False, packages_select_test_failures=False, packages_skip_test_passed=False, packages_select=None, packages_skip=None, packages_select_regex=None, packages_skip_regex=None, packages_start=None, packages_end=None, allow_overriding=[], cmake_args=None, cmake_target=None, cmake_target_skip_unavailable=False, cmake_clean_cache=False, cmake_clean_first=False, cmake_force_configure=False, ament_cmake_args=None, catkin_cmake_args=None, catkin_skip_building_tests=False, mixin_files=None, mixin=None, verb_parser=<colcon_mixin.mixin.mixin_argument.MixinArgumentDecorator object at 0x7f0d37223af0>, verb_extension=<colcon_core.verb.build.BuildVerb object at 0x7f0d371e1960>, main=<bound method BuildVerb.main of <colcon_core.verb.build.BuildVerb object at 0x7f0d371e1960>>, mixin_verb=('build',))
[0.257s] Level 1:colcon.colcon_core.package_discovery:discover_packages(colcon_meta) check parameters
[0.258s] Level 1:colcon.colcon_core.package_discovery:discover_packages(recursive) check parameters
[0.258s] Level 1:colcon.colcon_core.package_discovery:discover_packages(ignore) check parameters
[0.258s] Level 1:colcon.colcon_core.package_discovery:discover_packages(path) check parameters
[0.258s] Level 1:colcon.colcon_core.package_discovery:discover_packages(colcon_meta) discover
[0.258s] Level 1:colcon.colcon_core.package_discovery:discover_packages(recursive) discover
[0.258s] INFO:colcon.colcon_core.package_discovery:Crawling recursively for packages in '/home/aadi/ros2_ws'
[0.258s] Level 1:colcon.colcon_core.package_identification:_identify(.) by extensions ['ignore', 'ignore_ament_install']
[0.258s] Level 1:colcon.colcon_core.package_identification:_identify(.) by extension 'ignore'
[0.258s] Level 1:colcon.colcon_core.package_identification:_identify(.) by extension 'ignore_ament_install'
[0.258s] Level 1:colcon.colcon_core.package_identification:_identify(.) by extensions ['colcon_pkg']
[0.258s] Level 1:colcon.colcon_core.package_identification:_identify(.) by extension 'colcon_pkg'
[0.258s] Level 1:colcon.colcon_core.package_identification:_identify(.) by extensions ['colcon_meta']
[0.258s] Level 1:colcon.colcon_core.package_identification:_identify(.) by extension 'colcon_meta'
[0.258s] Level 1:colcon.colcon_core.package_identification:_identify(.) by extensions ['ros']
[0.258s] Level 1:colcon.colcon_core.package_identification:_identify(.) by extension 'ros'
[0.266s] Level 1:colcon.colcon_core.package_identification:_identify(.) by extensions ['cmake', 'python']
[0.266s] Level 1:colcon.colcon_core.package_identification:_identify(.) by extension 'cmake'
[0.266s] Level 1:colcon.colcon_core.package_identification:_identify(.) by extension 'python'
[0.266s] Level 1:colcon.colcon_core.package_identification:_identify(.) by extensions ['python_setup_py']
[0.266s] Level 1:colcon.colcon_core.package_identification:_identify(.) by extension 'python_setup_py'
[0.266s] Level 1:colcon.colcon_core.package_identification:_identify(build) by extensions ['ignore', 'ignore_ament_install']
[0.266s] Level 1:colcon.colcon_core.package_identification:_identify(build) by extension 'ignore'
[0.266s] Level 1:colcon.colcon_core.package_identification:_identify(build) ignored
[0.266s] Level 1:colcon.colcon_core.package_identification:_identify(install) by extensions ['ignore', 'ignore_ament_install']
[0.266s] Level 1:colcon.colcon_core.package_identification:_identify(install) by extension 'ignore'
[0.266s] Level 1:colcon.colcon_core.package_identification:_identify(install) ignored
[0.266s] Level 1:colcon.colcon_core.package_identification:_identify(log) by extensions ['ignore', 'ignore_ament_install']
[0.266s] Level 1:colcon.colcon_core.package_identification:_identify(log) by extension 'ignore'
[0.266s] Level 1:colcon.colcon_core.package_identification:_identify(log) ignored
[0.266s] Level 1:colcon.colcon_core.package_identification:_identify(src) by extensions ['ignore', 'ignore_ament_install']
[0.266s] Level 1:colcon.colcon_core.package_identification:_identify(src) by extension 'ignore'
[0.266s] Level 1:colcon.colcon_core.package_identification:_identify(src) by extension 'ignore_ament_install'
[0.266s] Level 1:colcon.colcon_core.package_identification:_identify(src) by extensions ['colcon_pkg']
[0.266s] Level 1:colcon.colcon_core.package_identification:_identify(src) by extension 'colcon_pkg'
[0.266s] Level 1:colcon.colcon_core.package_identification:_identify(src) by extensions ['colcon_meta']
[0.266s] Level 1:colcon.colcon_core.package_identification:_identify(src) by extension 'colcon_meta'
[0.267s] Level 1:colcon.colcon_core.package_identification:_identify(src) by extensions ['ros']
[0.267s] Level 1:colcon.colcon_core.package_identification:_identify(src) by extension 'ros'
[0.267s] Level 1:colcon.colcon_core.package_identification:_identify(src) by extensions ['cmake', 'python']
[0.267s] Level 1:colcon.colcon_core.package_identification:_identify(src) by extension 'cmake'
[0.267s] Level 1:colcon.colcon_core.package_identification:_identify(src) by extension 'python'
[0.267s] Level 1:colcon.colcon_core.package_identification:_identify(src) by extensions ['python_setup_py']
[0.267s] Level 1:colcon.colcon_core.package_identification:_identify(src) by extension 'python_setup_py'
[0.267s] Level 1:colcon.colcon_core.package_identification:_identify(src/turtlebot3_waypoint_nav) by extensions ['ignore', 'ignore_ament_install']
[0.267s] Level 1:colcon.colcon_core.package_identification:_identify(src/turtlebot3_waypoint_nav) by extension 'ignore'
[0.267s] Level 1:colcon.colcon_core.package_identification:_identify(src/turtlebot3_waypoint_nav) by extension 'ignore_ament_install'
[0.267s] Level 1:colcon.colcon_core.package_identification:_identify(src/turtlebot3_waypoint_nav) by extensions ['colcon_pkg']
[0.267s] Level 1:colcon.colcon_core.package_identification:_identify(src/turtlebot3_waypoint_nav) by extension 'colcon_pkg'
[0.267s] Level 1:colcon.colcon_core.package_identification:_identify(src/turtlebot3_waypoint_nav) by extensions ['colcon_meta']
[0.267s] Level 1:colcon.colcon_core.package_identification:_identify(src/turtlebot3_waypoint_nav) by extension 'colcon_meta'
[0.267s] Level 1:colcon.colcon_core.package_identification:_identify(src/turtlebot3_waypoint_nav) by extensions ['ros']
[0.267s] Level 1:colcon.colcon_core.package_identification:_identify(src/turtlebot3_waypoint_nav) by extension 'ros'
[0.269s] DEBUG:colcon.colcon_core.package_identification:Package 'src/turtlebot3_waypoint_nav' with type 'ros.catkin' and name 'turtlebot3_waypoint_nav'
[0.269s] Level 1:colcon.colcon_core.package_discovery:discover_packages(recursive) using defaults
[0.270s] Level 1:colcon.colcon_core.package_discovery:discover_packages(ignore) discover
[0.270s] Level 1:colcon.colcon_core.package_discovery:discover_packages(ignore) using defaults
[0.270s] Level 1:colcon.colcon_core.package_discovery:discover_packages(path) discover
[0.270s] Level 1:colcon.colcon_core.package_discovery:discover_packages(path) using defaults
[0.289s] Level 1:colcon.colcon_core.package_discovery:discover_packages(prefix_path) check parameters
[0.289s] Level 1:colcon.colcon_core.package_discovery:discover_packages(prefix_path) discover
[0.290s] WARNING:colcon.colcon_ros.prefix_path.catkin:The path '/home/aadi/ros2_ws/install/turtlebot3_waypoint_nav' in the environment variable CMAKE_PREFIX_PATH doesn't exist
[0.291s] DEBUG:colcon.colcon_installed_package_information.package_discovery:Found 0 installed packages in /home/aadi/ros2_ws/install
[0.291s] DEBUG:colcon.colcon_installed_package_information.package_discovery:Found 12 installed packages in /home/aadi/turtlebot3_ws/install
[0.292s] DEBUG:colcon.colcon_installed_package_information.package_discovery:Found 419 installed packages in /opt/ros/humble
[0.294s] Level 1:colcon.colcon_core.package_discovery:discover_packages(prefix_path) using defaults
[0.330s] Level 5:colcon.colcon_core.verb:set package 'turtlebot3_waypoint_nav' build argument 'cmake_args' from command line to 'None'
[0.331s] Level 5:colcon.colcon_core.verb:set package 'turtlebot3_waypoint_nav' build argument 'cmake_target' from command line to 'None'
[0.331s] Level 5:colcon.colcon_core.verb:set package 'turtlebot3_waypoint_nav' build argument 'cmake_target_skip_unavailable' from command line to 'False'
[0.331s] Level 5:colcon.colcon_core.verb:set package 'turtlebot3_waypoint_nav' build argument 'cmake_clean_cache' from command line to 'False'
[0.331s] Level 5:colcon.colcon_core.verb:set package 'turtlebot3_waypoint_nav' build argument 'cmake_clean_first' from command line to 'False'
[0.331s] Level 5:colcon.colcon_core.verb:set package 'turtlebot3_waypoint_nav' build argument 'cmake_force_configure' from command line to 'False'
[0.331s] Level 5:colcon.colcon_core.verb:set package 'turtlebot3_waypoint_nav' build argument 'ament_cmake_args' from command line to 'None'
[0.331s] Level 5:colcon.colcon_core.verb:set package 'turtlebot3_waypoint_nav' build argument 'catkin_cmake_args' from command line to 'None'
[0.331s] Level 5:colcon.colcon_core.verb:set package 'turtlebot3_waypoint_nav' build argument 'catkin_skip_building_tests' from command line to 'False'
[0.331s] DEBUG:colcon.colcon_core.verb:Building package 'turtlebot3_waypoint_nav' with the following arguments: {'ament_cmake_args': None, 'build_base': '/home/aadi/ros2_ws/build/turtlebot3_waypoint_nav', 'catkin_cmake_args': None, 'catkin_skip_building_tests': False, 'cmake_args': None, 'cmake_clean_cache': False, 'cmake_clean_first': False, 'cmake_force_configure': False, 'cmake_target': None, 'cmake_target_skip_unavailable': False, 'install_base': '/home/aadi/ros2_ws/install/turtlebot3_waypoint_nav', 'merge_install': False, 'path': '/home/aadi/ros2_ws/src/turtlebot3_waypoint_nav', 'symlink_install': True, 'test_result_base': None}
[0.331s] INFO:colcon.colcon_core.executor:Executing jobs using 'parallel' executor
[0.332s] DEBUG:colcon.colcon_parallel_executor.executor.parallel:run_until_complete
[0.332s] INFO:colcon.colcon_ros.task.catkin.build:Building ROS package in '/home/aadi/ros2_ws/src/turtlebot3_waypoint_nav' with build type 'catkin'
[0.332s] INFO:colcon.colcon_cmake.task.cmake.build:Building CMake package in '/home/aadi/ros2_ws/src/turtlebot3_waypoint_nav'
[0.334s] INFO:colcon.colcon_core.plugin_system:Skipping extension 'colcon_core.shell.bat': Not used on non-Windows systems
[0.334s] INFO:colcon.colcon_core.shell:Skip shell extension 'powershell' for command environment: Not usable outside of PowerShell
[0.334s] DEBUG:colcon.colcon_core.shell:Skip shell extension 'dsv' for command environment
[0.341s] DEBUG:colcon.colcon_core.event_handler.log_command:Invoking command in '/home/aadi/ros2_ws/build/turtlebot3_waypoint_nav': /usr/bin/cmake /home/aadi/ros2_ws/src/turtlebot3_waypoint_nav -DCATKIN_INSTALL_INTO_PREFIX_ROOT=0 -DCATKIN_SYMLINK_INSTALL=ON -DCMAKE_INSTALL_PREFIX=/home/aadi/ros2_ws/install/turtlebot3_waypoint_nav
[1.524s] DEBUG:colcon.colcon_core.event_handler.log_command:Invoked command in '/home/aadi/ros2_ws/build/turtlebot3_waypoint_nav' returned '0': /usr/bin/cmake /home/aadi/ros2_ws/src/turtlebot3_waypoint_nav -DCATKIN_INSTALL_INTO_PREFIX_ROOT=0 -DCATKIN_SYMLINK_INSTALL=ON -DCMAKE_INSTALL_PREFIX=/home/aadi/ros2_ws/install/turtlebot3_waypoint_nav
[1.525s] DEBUG:colcon.colcon_core.event_handler.log_command:Invoking command in '/home/aadi/ros2_ws/build/turtlebot3_waypoint_nav': /usr/bin/cmake --build /home/aadi/ros2_ws/build/turtlebot3_waypoint_nav -- -j4 -l4
[1.755s] DEBUG:colcon.colcon_core.event_handler.log_command:Invoked command in '/home/aadi/ros2_ws/build/turtlebot3_waypoint_nav' returned '0': /usr/bin/cmake --build /home/aadi/ros2_ws/build/turtlebot3_waypoint_nav -- -j4 -l4
[1.760s] DEBUG:colcon.colcon_core.event_handler.log_command:Invoking command in '/home/aadi/ros2_ws/build/turtlebot3_waypoint_nav': /usr/bin/cmake --install /home/aadi/ros2_ws/build/turtlebot3_waypoint_nav
[1.793s] DEBUG:colcon.colcon_core.event_handler.log_command:Invoked command in '/home/aadi/ros2_ws/build/turtlebot3_waypoint_nav' returned '0': /usr/bin/cmake --install /home/aadi/ros2_ws/build/turtlebot3_waypoint_nav
[1.794s] Level 1:colcon.colcon_core.shell:create_environment_hook('turtlebot3_waypoint_nav', 'ros_package_path')
[1.794s] INFO:colcon.colcon_core.shell:Creating environment hook '/home/aadi/ros2_ws/install/turtlebot3_waypoint_nav/share/turtlebot3_waypoint_nav/hook/ros_package_path.ps1'
[1.794s] INFO:colcon.colcon_core.shell:Creating environment descriptor '/home/aadi/ros2_ws/install/turtlebot3_waypoint_nav/share/turtlebot3_waypoint_nav/hook/ros_package_path.dsv'
[1.794s] INFO:colcon.colcon_core.shell:Creating environment hook '/home/aadi/ros2_ws/install/turtlebot3_waypoint_nav/share/turtlebot3_waypoint_nav/hook/ros_package_path.sh'
[1.795s] Level 1:colcon.colcon_ros.task.catkin:checking '/home/aadi/ros2_ws/install/turtlebot3_waypoint_nav/local/lib/python3.10/dist-packages'
[1.795s] Level 1:colcon.colcon_core.shell:create_environment_hook('turtlebot3_waypoint_nav', 'catkin_pythonpath')
[1.795s] INFO:colcon.colcon_core.shell:Creating environment hook '/home/aadi/ros2_ws/install/turtlebot3_waypoint_nav/share/turtlebot3_waypoint_nav/hook/catkin_pythonpath.ps1'
[1.795s] INFO:colcon.colcon_core.shell:Creating environment descriptor '/home/aadi/ros2_ws/install/turtlebot3_waypoint_nav/share/turtlebot3_waypoint_nav/hook/catkin_pythonpath.dsv'
[1.795s] INFO:colcon.colcon_core.shell:Creating environment hook '/home/aadi/ros2_ws/install/turtlebot3_waypoint_nav/share/turtlebot3_waypoint_nav/hook/catkin_pythonpath.sh'
[1.796s] Level 1:colcon.colcon_core.shell:create_environment_hook('turtlebot3_waypoint_nav', 'pkg_config_path')
[1.796s] INFO:colcon.colcon_core.shell:Creating environment hook '/home/aadi/ros2_ws/install/turtlebot3_waypoint_nav/share/turtlebot3_waypoint_nav/hook/pkg_config_path.ps1'
[1.796s] INFO:colcon.colcon_core.shell:Creating environment descriptor '/home/aadi/ros2_ws/install/turtlebot3_waypoint_nav/share/turtlebot3_waypoint_nav/hook/pkg_config_path.dsv'
[1.796s] INFO:colcon.colcon_core.shell:Creating environment hook '/home/aadi/ros2_ws/install/turtlebot3_waypoint_nav/share/turtlebot3_waypoint_nav/hook/pkg_config_path.sh'
[1.797s] Level 1:colcon.colcon_core.shell:create_environment_hook('turtlebot3_waypoint_nav', 'pkg_config_path_multiarch')
[1.797s] INFO:colcon.colcon_core.shell:Creating environment hook '/home/aadi/ros2_ws/install/turtlebot3_waypoint_nav/share/turtlebot3_waypoint_nav/hook/pkg_config_path_multiarch.ps1'
[1.798s] INFO:colcon.colcon_core.shell:Creating environment descriptor '/home/aadi/ros2_ws/install/turtlebot3_waypoint_nav/share/turtlebot3_waypoint_nav/hook/pkg_config_path_multiarch.dsv'
[1.798s] INFO:colcon.colcon_core.shell:Creating environment hook '/home/aadi/ros2_ws/install/turtlebot3_waypoint_nav/share/turtlebot3_waypoint_nav/hook/pkg_config_path_multiarch.sh'
[1.798s] Level 1:colcon.colcon_core.environment:create_environment_scripts_only(turtlebot3_waypoint_nav)
[1.800s] Level 1:colcon.colcon_core.environment:checking '/home/aadi/ros2_ws/install/turtlebot3_waypoint_nav' for CMake module files
[1.800s] Level 1:colcon.colcon_core.environment:checking '/home/aadi/ros2_ws/install/turtlebot3_waypoint_nav' for CMake config files
[1.800s] Level 1:colcon.colcon_core.shell:create_environment_hook('turtlebot3_waypoint_nav', 'cmake_prefix_path')
[1.800s] INFO:colcon.colcon_core.shell:Creating environment hook '/home/aadi/ros2_ws/install/turtlebot3_waypoint_nav/share/turtlebot3_waypoint_nav/hook/cmake_prefix_path.ps1'
[1.800s] INFO:colcon.colcon_core.shell:Creating environment descriptor '/home/aadi/ros2_ws/install/turtlebot3_waypoint_nav/share/turtlebot3_waypoint_nav/hook/cmake_prefix_path.dsv'
[1.800s] INFO:colcon.colcon_core.shell:Creating environment hook '/home/aadi/ros2_ws/install/turtlebot3_waypoint_nav/share/turtlebot3_waypoint_nav/hook/cmake_prefix_path.sh'
[1.801s] Level 1:colcon.colcon_core.environment:checking '/home/aadi/ros2_ws/install/turtlebot3_waypoint_nav/bin'
[1.801s] Level 1:colcon.colcon_core.environment:checking '/home/aadi/ros2_ws/install/turtlebot3_waypoint_nav/lib/pkgconfig/turtlebot3_waypoint_nav.pc'
[1.801s] Level 1:colcon.colcon_core.environment:checking '/home/aadi/ros2_ws/install/turtlebot3_waypoint_nav/lib/python3.10/site-packages'
[1.801s] Level 1:colcon.colcon_core.environment:checking '/home/aadi/ros2_ws/install/turtlebot3_waypoint_nav/bin'
[1.801s] INFO:colcon.colcon_core.shell:Creating package script '/home/aadi/ros2_ws/install/turtlebot3_waypoint_nav/share/turtlebot3_waypoint_nav/package.ps1'
[1.802s] INFO:colcon.colcon_core.shell:Creating package descriptor '/home/aadi/ros2_ws/install/turtlebot3_waypoint_nav/share/turtlebot3_waypoint_nav/package.dsv'
[1.802s] INFO:colcon.colcon_core.shell:Creating package script '/home/aadi/ros2_ws/install/turtlebot3_waypoint_nav/share/turtlebot3_waypoint_nav/package.sh'
[1.803s] INFO:colcon.colcon_core.shell:Creating package script '/home/aadi/ros2_ws/install/turtlebot3_waypoint_nav/share/turtlebot3_waypoint_nav/package.bash'
[1.803s] INFO:colcon.colcon_core.shell:Creating package script '/home/aadi/ros2_ws/install/turtlebot3_waypoint_nav/share/turtlebot3_waypoint_nav/package.zsh'
[1.804s] Level 1:colcon.colcon_core.environment:create_file_with_runtime_dependencies(/home/aadi/ros2_ws/install/turtlebot3_waypoint_nav/share/colcon-core/packages/turtlebot3_waypoint_nav)
[1.804s] DEBUG:colcon.colcon_parallel_executor.executor.parallel:closing loop
[1.804s] DEBUG:colcon.colcon_parallel_executor.executor.parallel:loop closed
[1.804s] DEBUG:colcon.colcon_parallel_executor.executor.parallel:run_until_complete finished with '0'
[1.804s] DEBUG:colcon.colcon_core.event_reactor:joining thread
[1.841s] INFO:colcon.colcon_core.plugin_system:Skipping extension 'colcon_notification.desktop_notification.notify_send': Could not find 'notify-send'
[1.841s] INFO:colcon.colcon_core.plugin_system:Skipping extension 'colcon_notification.desktop_notification.terminal_notifier': Not used on non-Darwin systems
[1.841s] INFO:colcon.colcon_core.plugin_system:Skipping extension 'colcon_notification.desktop_notification.win32': Not used on non-Windows systems
[1.841s] INFO:colcon.colcon_notification.desktop_notification:Sending desktop notification using 'notify2'
[1.842s] DEBUG:colcon.colcon_notification.desktop_notification.notify2:Failed to initialize notify2: org.freedesktop.DBus.Error.FileNotFound: Failed to connect to socket /run/user/1000/bus: No such file or directory
[1.842s] DEBUG:colcon.colcon_core.event_reactor:joined thread
[1.842s] INFO:colcon.colcon_core.shell:Creating prefix script '/home/aadi/ros2_ws/install/local_setup.ps1'
[1.843s] INFO:colcon.colcon_core.shell:Creating prefix util module '/home/aadi/ros2_ws/install/_local_setup_util_ps1.py'
[1.843s] INFO:colcon.colcon_core.shell:Creating prefix chain script '/home/aadi/ros2_ws/install/setup.ps1'
[1.844s] INFO:colcon.colcon_core.shell:Creating prefix script '/home/aadi/ros2_ws/install/local_setup.sh'
[1.844s] INFO:colcon.colcon_core.shell:Creating prefix util module '/home/aadi/ros2_ws/install/_local_setup_util_sh.py'
[1.845s] INFO:colcon.colcon_core.shell:Creating prefix chain script '/home/aadi/ros2_ws/install/setup.sh'
[1.845s] INFO:colcon.colcon_core.shell:Creating prefix script '/home/aadi/ros2_ws/install/local_setup.bash'
[1.846s] INFO:colcon.colcon_core.shell:Creating prefix chain script '/home/aadi/ros2_ws/install/setup.bash'
[1.846s] INFO:colcon.colcon_core.shell:Creating prefix script '/home/aadi/ros2_ws/install/local_setup.zsh'
[1.847s] INFO:colcon.colcon_core.shell:Creating prefix chain script '/home/aadi/ros2_ws/install/setup.zsh'
