[0.008s] Invoking command in '/home/aadi/ros2_ws/build/turtlebot3_waypoint_nav': /usr/bin/cmake /home/aadi/ros2_ws/src/turtlebot3_waypoint_nav -DCATKIN_INSTALL_INTO_PREFIX_ROOT=0 -DCATKIN_SYMLINK_INSTALL=ON -DCMAKE_INSTALL_PREFIX=/home/aadi/ros2_ws/install/turtlebot3_waypoint_nav
[0.113s] -- The C compiler identification is GNU 11.4.0
[0.451s] -- The CXX compiler identification is GNU 11.4.0
[0.713s] -- Detecting C compiler ABI info
[0.803s] -- Detecting C compiler ABI info - done
[0.807s] -- Check for working C compiler: /usr/bin/cc - skipped
[0.807s] -- Detecting C compile features
[0.808s] -- Detecting C compile features - done
[0.810s] -- Detecting CXX compiler ABI info
[0.927s] -- Detecting CXX compiler ABI info - done
[0.931s] -- Check for working CXX compiler: /usr/bin/c++ - skipped
[0.931s] -- Detecting CXX compile features
[0.931s] -- Detecting CXX compile features - done
[0.933s] -- Found ament_cmake: 1.3.11 (/opt/ros/humble/share/ament_cmake/cmake)
[1.027s] -- Found Python3: /usr/bin/python3 (found version "3.10.12") found components: Interpreter 
[1.094s] -- Found rclpy: 3.3.15 (/opt/ros/humble/share/rclpy/cmake)
[1.184s] -- Configuring done
[1.187s] -- Generating done
[1.187s] [33mCMake Warning:
[1.187s]   Manually-specified variables were not used by the project:
[1.187s] 
[1.187s]     CATKIN_INSTALL_INTO_PREFIX_ROOT
[1.187s]     CATKIN_SYMLINK_INSTALL
[1.188s] 
[1.188s] [0m
[1.188s] -- Build files have been written to: /home/aadi/ros2_ws/build/turtlebot3_waypoint_nav
[1.191s] Invoked command in '/home/aadi/ros2_ws/build/turtlebot3_waypoint_nav' returned '0': /usr/bin/cmake /home/aadi/ros2_ws/src/turtlebot3_waypoint_nav -DCATKIN_INSTALL_INTO_PREFIX_ROOT=0 -DCATKIN_SYMLINK_INSTALL=ON -DCMAKE_INSTALL_PREFIX=/home/aadi/ros2_ws/install/turtlebot3_waypoint_nav
[1.192s] Invoking command in '/home/aadi/ros2_ws/build/turtlebot3_waypoint_nav': /usr/bin/cmake --build /home/aadi/ros2_ws/build/turtlebot3_waypoint_nav -- -j4 -l4
[1.220s] Built target ament_cmake_python_copy_turtlebot3_waypoint_nav
[1.396s] running egg_info
[1.397s] creating turtlebot3_waypoint_nav.egg-info
[1.397s] writing turtlebot3_waypoint_nav.egg-info/PKG-INFO
[1.397s] writing dependency_links to turtlebot3_waypoint_nav.egg-info/dependency_links.txt
[1.397s] writing top-level names to turtlebot3_waypoint_nav.egg-info/top_level.txt
[1.398s] writing manifest file 'turtlebot3_waypoint_nav.egg-info/SOURCES.txt'
[1.399s] reading manifest file 'turtlebot3_waypoint_nav.egg-info/SOURCES.txt'
[1.399s] writing manifest file 'turtlebot3_waypoint_nav.egg-info/SOURCES.txt'
[1.416s] Built target ament_cmake_python_build_turtlebot3_waypoint_nav_egg
[1.422s] Invoked command in '/home/aadi/ros2_ws/build/turtlebot3_waypoint_nav' returned '0': /usr/bin/cmake --build /home/aadi/ros2_ws/build/turtlebot3_waypoint_nav -- -j4 -l4
[1.427s] Invoking command in '/home/aadi/ros2_ws/build/turtlebot3_waypoint_nav': /usr/bin/cmake --install /home/aadi/ros2_ws/build/turtlebot3_waypoint_nav
[1.431s] -- Install configuration: ""
[1.431s] -- Installing: /home/aadi/ros2_ws/install/turtlebot3_waypoint_nav/share/turtlebot3_waypoint_nav/environment/pythonpath.sh
[1.431s] -- Installing: /home/aadi/ros2_ws/install/turtlebot3_waypoint_nav/share/turtlebot3_waypoint_nav/environment/pythonpath.dsv
[1.431s] -- Installing: /home/aadi/ros2_ws/install/turtlebot3_waypoint_nav/local/lib/python3.10/dist-packages/turtlebot3_waypoint_nav-0.0.0-py3.10.egg-info
[1.431s] -- Installing: /home/aadi/ros2_ws/install/turtlebot3_waypoint_nav/local/lib/python3.10/dist-packages/turtlebot3_waypoint_nav-0.0.0-py3.10.egg-info/dependency_links.txt
[1.432s] -- Installing: /home/aadi/ros2_ws/install/turtlebot3_waypoint_nav/local/lib/python3.10/dist-packages/turtlebot3_waypoint_nav-0.0.0-py3.10.egg-info/PKG-INFO
[1.432s] -- Installing: /home/aadi/ros2_ws/install/turtlebot3_waypoint_nav/local/lib/python3.10/dist-packages/turtlebot3_waypoint_nav-0.0.0-py3.10.egg-info/SOURCES.txt
[1.432s] -- Installing: /home/aadi/ros2_ws/install/turtlebot3_waypoint_nav/local/lib/python3.10/dist-packages/turtlebot3_waypoint_nav-0.0.0-py3.10.egg-info/top_level.txt
[1.432s] -- Installing: /home/aadi/ros2_ws/install/turtlebot3_waypoint_nav/local/lib/python3.10/dist-packages/turtlebot3_waypoint_nav
[1.432s] -- Installing: /home/aadi/ros2_ws/install/turtlebot3_waypoint_nav/local/lib/python3.10/dist-packages/turtlebot3_waypoint_nav/__init__.py
[1.432s] -- Installing: /home/aadi/ros2_ws/install/turtlebot3_waypoint_nav/local/lib/python3.10/dist-packages/turtlebot3_waypoint_nav/waypoint_nav.py
[1.454s] Listing '/home/aadi/ros2_ws/install/turtlebot3_waypoint_nav/local/lib/python3.10/dist-packages/turtlebot3_waypoint_nav'...
[1.454s] Compiling '/home/aadi/ros2_ws/install/turtlebot3_waypoint_nav/local/lib/python3.10/dist-packages/turtlebot3_waypoint_nav/__init__.py'...
[1.454s] Compiling '/home/aadi/ros2_ws/install/turtlebot3_waypoint_nav/local/lib/python3.10/dist-packages/turtlebot3_waypoint_nav/waypoint_nav.py'...
[1.457s] -- Installing: /home/aadi/ros2_ws/install/turtlebot3_waypoint_nav/share/ament_index/resource_index/package_run_dependencies/turtlebot3_waypoint_nav
[1.457s] -- Installing: /home/aadi/ros2_ws/install/turtlebot3_waypoint_nav/share/ament_index/resource_index/parent_prefix_path/turtlebot3_waypoint_nav
[1.457s] -- Installing: /home/aadi/ros2_ws/install/turtlebot3_waypoint_nav/share/turtlebot3_waypoint_nav/environment/ament_prefix_path.sh
[1.458s] -- Installing: /home/aadi/ros2_ws/install/turtlebot3_waypoint_nav/share/turtlebot3_waypoint_nav/environment/ament_prefix_path.dsv
[1.458s] -- Installing: /home/aadi/ros2_ws/install/turtlebot3_waypoint_nav/share/turtlebot3_waypoint_nav/environment/path.sh
[1.458s] -- Installing: /home/aadi/ros2_ws/install/turtlebot3_waypoint_nav/share/turtlebot3_waypoint_nav/environment/path.dsv
[1.458s] -- Installing: /home/aadi/ros2_ws/install/turtlebot3_waypoint_nav/share/turtlebot3_waypoint_nav/local_setup.bash
[1.458s] -- Installing: /home/aadi/ros2_ws/install/turtlebot3_waypoint_nav/share/turtlebot3_waypoint_nav/local_setup.sh
[1.458s] -- Installing: /home/aadi/ros2_ws/install/turtlebot3_waypoint_nav/share/turtlebot3_waypoint_nav/local_setup.zsh
[1.458s] -- Installing: /home/aadi/ros2_ws/install/turtlebot3_waypoint_nav/share/turtlebot3_waypoint_nav/local_setup.dsv
[1.458s] -- Installing: /home/aadi/ros2_ws/install/turtlebot3_waypoint_nav/share/turtlebot3_waypoint_nav/package.dsv
[1.458s] -- Installing: /home/aadi/ros2_ws/install/turtlebot3_waypoint_nav/share/ament_index/resource_index/packages/turtlebot3_waypoint_nav
[1.458s] -- Installing: /home/aadi/ros2_ws/install/turtlebot3_waypoint_nav/share/turtlebot3_waypoint_nav/cmake/turtlebot3_waypoint_navConfig.cmake
[1.458s] -- Installing: /home/aadi/ros2_ws/install/turtlebot3_waypoint_nav/share/turtlebot3_waypoint_nav/cmake/turtlebot3_waypoint_navConfig-version.cmake
[1.459s] -- Installing: /home/aadi/ros2_ws/install/turtlebot3_waypoint_nav/share/turtlebot3_waypoint_nav/package.xml
[1.460s] Invoked command in '/home/aadi/ros2_ws/build/turtlebot3_waypoint_nav' returned '0': /usr/bin/cmake --install /home/aadi/ros2_ws/build/turtlebot3_waypoint_nav
